[36;20m2026-04-09 10:07:13 [INFO] (runner.py:103) | [runner] Deploying RayService from /Users/abaowei/Desktop/Fun/my_ray/dev/incr_upgrade/incr_upgrade_locust/src/../ray-service.conservative.yaml[0m
[36;20m2026-04-09 10:07:13 [INFO] (runner.py:108) | [runner] Waiting for RayService ready...[0m
[36;20m2026-04-09 10:07:36 [INFO] (runner.py:117) | [runner] Ready. Active cluster: simple-locust-zk8nz[0m
[36;20m2026-04-09 10:07:36 [INFO] (runner.py:130) | [runner] Starting port-forward svc/simple-locust-gateway-istio 8080:80[0m
[36;20m2026-04-09 10:07:37 [INFO] (runner.py:153) | [runner] Starting Locust (UI at http://localhost:8089)[0m
[36;20m2026-04-09 10:07:37 [INFO] (runner.py:165) | [runner] Warming up Locust (RPS >= 1000 for 15s)...[0m
[33;20m2026-04-09 10:07:37 [WARNING] (utils.py:281) | [get_locust_rps] Error getting Locust RPS: HTTPConnectionPool(host='localhost', port=8089): Max retries exceeded with url: /stats/requests (Caused by NewConnectionError("HTTPConnection(host='localhost', port=8089): Failed to establish a new connection: [Errno 61] Connection refused"))[0m
[36;20m2026-04-09 10:08:05 [INFO] (runner.py:179) | [runner] Locust warmup done. RPS=1213[0m
[36;20m2026-04-09 10:08:05 [INFO] (runner.py:190) | 
[runner] === Action 1/3: Waiting for upgrade ===[0m
[36;20m2026-04-09 10:08:05 [INFO] (runner.py:198) | [runner] Setting worker CPU to 1.25[0m
[36;20m2026-04-09 10:08:05 [INFO] (runner.py:209) | [runner] 'upgrade' triggered.[0m
[36;20m2026-04-09 10:08:05 [INFO] (runner.py:190) | 
[runner] === Action 2/3: Waiting for rollback ===[0m
[36;20m2026-04-09 10:08:05 [INFO] (runner.py:398) |  [ 52.65s] upgrading    | Active TC=100 TRP=100 | Pending TC=None TRP=None | RPS=1213 | UPG[0m
[36;20m2026-04-09 10:08:09 [INFO] (runner.py:398) |  [ 55.87s] upgrading    | Active TC=100 TRP=100 | Pending TC=  0 TRP=  0 | RPS=1371 | UPG[0m
[36;20m2026-04-09 10:08:12 [INFO] (runner.py:398) |  [ 59.06s] upgrading    | Active TC=100 TRP=100 | Pending TC=  0 TRP=  0 | RPS=1250 | UPG[0m
[36;20m2026-04-09 10:08:15 [INFO] (runner.py:398) |  [ 62.23s] upgrading    | Active TC=100 TRP=100 | Pending TC=  0 TRP=  0 | RPS=1230 | UPG[0m
[36;20m2026-04-09 10:08:18 [INFO] (runner.py:398) |  [ 65.43s] upgrading    | Active TC=100 TRP=100 | Pending TC=  0 TRP=  0 | RPS=1236 | UPG[0m
[36;20m2026-04-09 10:08:21 [INFO] (runner.py:398) |  [ 68.61s] upgrading    | Active TC=100 TRP=100 | Pending TC= 20 TRP=  0 | RPS=1250 | UPG[0m
[36;20m2026-04-09 10:08:25 [INFO] (runner.py:398) |  [ 71.80s] upgrading    | Active TC=100 TRP=100 | Pending TC= 20 TRP=  0 | RPS=1304 | UPG[0m
[36;20m2026-04-09 10:08:28 [INFO] (runner.py:398) |  [ 74.98s] upgrading    | Active TC=100 TRP= 90 | Pending TC= 20 TRP= 10 | RPS=1291 | UPG[0m
[36;20m2026-04-09 10:08:31 [INFO] (runner.py:398) |  [ 78.18s] upgrading    | Active TC=100 TRP= 90 | Pending TC= 20 TRP= 10 | RPS=1344 | UPG[0m
[36;20m2026-04-09 10:08:34 [INFO] (runner.py:398) |  [ 81.35s] upgrading    | Active TC=100 TRP= 90 | Pending TC= 20 TRP= 10 | RPS=1370 | UPG[0m
[36;20m2026-04-09 10:08:37 [INFO] (runner.py:398) |  [ 84.52s] upgrading    | Active TC=100 TRP= 80 | Pending TC= 20 TRP= 20 | RPS=1406 | UPG[0m
[36;20m2026-04-09 10:08:41 [INFO] (runner.py:398) |  [ 87.69s] upgrading    | Active TC= 80 TRP= 80 | Pending TC= 40 TRP= 20 | RPS=1424 | UPG[0m
[36;20m2026-04-09 10:08:44 [INFO] (runner.py:398) |  [ 90.85s] upgrading    | Active TC= 80 TRP= 80 | Pending TC= 40 TRP= 20 | RPS=1444 | UPG[0m
[36;20m2026-04-09 10:08:47 [INFO] (runner.py:398) |  [ 94.02s] upgrading    | Active TC= 80 TRP= 70 | Pending TC= 40 TRP= 30 | RPS=1444 | UPG[0m
[36;20m2026-04-09 10:08:50 [INFO] (runner.py:398) |  [ 97.20s] upgrading    | Active TC= 80 TRP= 70 | Pending TC= 40 TRP= 30 | RPS=1448 | UPG[0m
[36;20m2026-04-09 10:08:53 [INFO] (runner.py:398) |  [100.39s] upgrading    | Active TC= 80 TRP= 70 | Pending TC= 40 TRP= 30 | RPS=1448 | UPG[0m
[36;20m2026-04-09 10:08:56 [INFO] (runner.py:398) |  [103.57s] upgrading    | Active TC= 80 TRP= 60 | Pending TC= 40 TRP= 40 | RPS=1442 | UPG[0m
[36;20m2026-04-09 10:08:56 [INFO] (runner.py:398) |  [103.57s] upgrading    | Active TC= 80 TRP= 60 | Pending TC= 40 TRP= 40 | RPS=1442 | UPG[0m
[36;20m2026-04-09 10:08:56 [INFO] (runner.py:198) | [runner] Setting worker CPU to 2[0m
[36;20m2026-04-09 10:08:57 [INFO] (runner.py:209) | [runner] 'rollback' triggered.[0m
[36;20m2026-04-09 10:08:57 [INFO] (runner.py:190) | 
[runner] === Action 3/3: Waiting for cancel_rollback ===[0m
[36;20m2026-04-09 10:09:00 [INFO] (runner.py:398) |  [106.95s] rolling_back | Active TC= 80 TRP= 60 | Pending TC= 40 TRP= 40 | RPS=1335 | UPG RB[0m
[36;20m2026-04-09 10:09:03 [INFO] (runner.py:398) |  [110.12s] rolling_back | Active TC= 80 TRP= 60 | Pending TC= 40 TRP= 40 | RPS=1002 | UPG RB[0m
[36;20m2026-04-09 10:09:06 [INFO] (runner.py:398) |  [113.32s] rolling_back | Active TC= 80 TRP= 60 | Pending TC= 40 TRP= 40 | RPS= 982 | UPG RB[0m
[36;20m2026-04-09 10:09:09 [INFO] (runner.py:398) |  [116.51s] rolling_back | Active TC= 80 TRP= 70 | Pending TC= 40 TRP= 30 | RPS= 941 | UPG RB[0m
[36;20m2026-04-09 10:09:13 [INFO] (runner.py:398) |  [119.70s] rolling_back | Active TC= 80 TRP= 70 | Pending TC= 40 TRP= 30 | RPS=1353 | UPG RB[0m
[36;20m2026-04-09 10:09:16 [INFO] (runner.py:398) |  [122.87s] rolling_back | Active TC= 80 TRP= 70 | Pending TC= 40 TRP= 30 | RPS=1351 | UPG RB[0m
[36;20m2026-04-09 10:09:18 [INFO] (runner.py:398) |  [124.99s] rolling_back | Active TC= 80 TRP= 80 | Pending TC= 40 TRP= 20 | RPS=1384 | UPG RB[0m
[36;20m2026-04-09 10:09:18 [INFO] (runner.py:198) | [runner] Setting worker CPU to 1.25[0m
[36;20m2026-04-09 10:09:18 [INFO] (runner.py:209) | [runner] 'cancel_rollback' triggered.[0m
[36;20m2026-04-09 10:09:18 [INFO] (runner.py:253) | 
[runner] === Waiting for completion ===[0m
[36;20m2026-04-09 10:09:21 [INFO] (runner.py:398) |  [128.38s] canceling_rollback | Active TC= 80 TRP= 80 | Pending TC= 40 TRP= 20 | RPS=1373 | UPG[0m
[36;20m2026-04-09 10:09:24 [INFO] (runner.py:398) |  [131.56s] canceling_rollback | Active TC= 80 TRP= 80 | Pending TC= 40 TRP= 20 | RPS=1049 | UPG[0m
[36;20m2026-04-09 10:09:28 [INFO] (runner.py:398) |  [134.72s] canceling_rollback | Active TC= 80 TRP= 80 | Pending TC= 40 TRP= 20 | RPS=1059 | UPG[0m
[36;20m2026-04-09 10:09:31 [INFO] (runner.py:398) |  [137.89s] canceling_rollback | Active TC= 80 TRP= 70 | Pending TC= 40 TRP= 30 | RPS=1112 | UPG[0m
[36;20m2026-04-09 10:09:34 [INFO] (runner.py:398) |  [141.06s] canceling_rollback | Active TC= 80 TRP= 70 | Pending TC= 40 TRP= 30 | RPS=1436 | UPG[0m
[36;20m2026-04-09 10:09:37 [INFO] (runner.py:398) |  [144.23s] canceling_rollback | Active TC= 80 TRP= 70 | Pending TC= 40 TRP= 30 | RPS=1452 | UPG[0m
[36;20m2026-04-09 10:09:40 [INFO] (runner.py:398) |  [147.41s] canceling_rollback | Active TC= 60 TRP= 60 | Pending TC= 40 TRP= 40 | RPS=1446 | UPG[0m
[36;20m2026-04-09 10:09:43 [INFO] (runner.py:398) |  [150.57s] canceling_rollback | Active TC= 60 TRP= 60 | Pending TC= 60 TRP= 40 | RPS=1432 | UPG[0m
[36;20m2026-04-09 10:09:47 [INFO] (runner.py:398) |  [153.72s] canceling_rollback | Active TC= 60 TRP= 60 | Pending TC= 60 TRP= 40 | RPS=1397 | UPG[0m
[36;20m2026-04-09 10:09:50 [INFO] (runner.py:398) |  [156.91s] canceling_rollback | Active TC= 60 TRP= 50 | Pending TC= 60 TRP= 50 | RPS=1376 | UPG[0m
[36;20m2026-04-09 10:09:53 [INFO] (runner.py:398) |  [160.11s] canceling_rollback | Active TC= 60 TRP= 50 | Pending TC= 60 TRP= 50 | RPS=1240 | UPG[0m
[36;20m2026-04-09 10:09:56 [INFO] (runner.py:398) |  [163.28s] canceling_rollback | Active TC= 60 TRP= 50 | Pending TC= 60 TRP= 50 | RPS=1141 | UPG[0m
[36;20m2026-04-09 10:09:59 [INFO] (runner.py:398) |  [166.43s] canceling_rollback | Active TC= 60 TRP= 40 | Pending TC= 60 TRP= 60 | RPS=1079 | UPG[0m
[36;20m2026-04-09 10:10:02 [INFO] (runner.py:398) |  [169.60s] canceling_rollback | Active TC= 40 TRP= 40 | Pending TC= 60 TRP= 60 | RPS=1090 | UPG[0m
[36;20m2026-04-09 10:10:06 [INFO] (runner.py:398) |  [172.78s] canceling_rollback | Active TC= 40 TRP= 40 | Pending TC= 80 TRP= 60 | RPS=1057 | UPG[0m
[36;20m2026-04-09 10:10:09 [INFO] (runner.py:398) |  [175.95s] canceling_rollback | Active TC= 40 TRP= 40 | Pending TC= 80 TRP= 60 | RPS=1056 | UPG[0m
[36;20m2026-04-09 10:10:12 [INFO] (runner.py:398) |  [179.11s] canceling_rollback | Active TC= 40 TRP= 30 | Pending TC= 80 TRP= 70 | RPS=1147 | UPG[0m
[36;20m2026-04-09 10:10:15 [INFO] (runner.py:398) |  [182.33s] canceling_rollback | Active TC= 40 TRP= 30 | Pending TC= 80 TRP= 70 | RPS=1288 | UPG[0m
[36;20m2026-04-09 10:10:18 [INFO] (runner.py:398) |  [185.50s] canceling_rollback | Active TC= 40 TRP= 30 | Pending TC= 80 TRP= 70 | RPS=1407 | UPG[0m
[36;20m2026-04-09 10:10:22 [INFO] (runner.py:398) |  [188.67s] canceling_rollback | Active TC= 20 TRP= 20 | Pending TC= 80 TRP= 80 | RPS=1367 | UPG[0m
[36;20m2026-04-09 10:10:25 [INFO] (runner.py:398) |  [191.84s] canceling_rollback | Active TC= 20 TRP= 20 | Pending TC=100 TRP= 80 | RPS=1315 | UPG[0m
[36;20m2026-04-09 10:10:28 [INFO] (runner.py:398) |  [195.01s] canceling_rollback | Active TC= 20 TRP= 20 | Pending TC=100 TRP= 80 | RPS=1278 | UPG[0m
[36;20m2026-04-09 10:10:31 [INFO] (runner.py:398) |  [198.18s] canceling_rollback | Active TC= 20 TRP= 10 | Pending TC=100 TRP= 90 | RPS=1261 | UPG[0m
[36;20m2026-04-09 10:10:34 [INFO] (runner.py:398) |  [201.34s] canceling_rollback | Active TC= 20 TRP= 10 | Pending TC=100 TRP= 90 | RPS=1242 | UPG[0m
[36;20m2026-04-09 10:10:37 [INFO] (runner.py:398) |  [204.49s] canceling_rollback | Active TC= 20 TRP= 10 | Pending TC=100 TRP= 90 | RPS=1231 | UPG[0m
[36;20m2026-04-09 10:10:40 [INFO] (runner.py:398) |  [207.66s] canceling_rollback | Active TC= 20 TRP=  0 | Pending TC=100 TRP=100 | RPS=1197 | UPG[0m
[36;20m2026-04-09 10:10:42 [INFO] (runner.py:272) | 
[runner] Completed at 208.73s[0m
[36;20m2026-04-09 10:10:42 [INFO] (runner.py:398) |  [208.73s] complete     | Active TC=100 TRP=100 | Pending TC=None TRP=None | RPS=1197 | [0m
[36;20m2026-04-09 10:10:42 [INFO] (runner.py:293) | [runner] Checking RayService spec after completion...[0m
[36;20m2026-04-09 10:10:42 [INFO] (runner.py:314) | [runner] RayService spec: {'rayClusterConfig': {'enableInTreeAutoscaling': True, 'headGroupSpec': {'rayStartParams': {'num-cpus': '0'}, 'template': {'spec': {'containers': [{'image': 'rayproject/ray:2.49.2', 'name': 'ray-head', 'ports': [{'containerPort': 6379, 'name': 'gcs-server', 'protocol': 'TCP'}, {'containerPort': 8265, 'name': 'dashboard', 'protocol': 'TCP'}, {'containerPort': 10001, 'name': 'client', 'protocol': 'TCP'}, {'containerPort': 8000, 'name': 'serve', 'protocol': 'TCP'}]}]}}}, 'rayVersion': '2.49.2', 'workerGroupSpecs': [{'groupName': 'small-group', 'maxReplicas': 2, 'minReplicas': 1, 'numOfHosts': 1, 'replicas': 1, 'template': {'spec': {'containers': [{'image': 'rayproject/ray:2.49.2', 'lifecycle': {'preStop': {'exec': {'command': ['/bin/sh', '-c', 'ray stop']}}}, 'name': 'ray-worker', 'resources': {'limits': {'cpu': '1.25', 'memory': '2Gi'}, 'requests': {'cpu': '1.25', 'memory': '2Gi'}}}]}}}]}, 'serveConfigV2': 'applications:\n- name: simple_app\n  import_path: simple_serve.app\n  route_prefix: /test\n  runtime_env:\n    working_dir: https://github.com/jiangjiawei1103/incr-upgrade-locust/archive/main.zip\n  deployments:\n  - name: SimpleDeployment\n    autoscaling_config:\n      min_replicas: 1\n      max_replicas: 2\n      target_ongoing_requests: 2\n      max_ongoing_requests: 6\n      upscale_delay_s: 0.5\n    ray_actor_options:\n      num_cpus: 1.25\n', 'upgradeStrategy': {'clusterUpgradeOptions': {'gatewayClassName': 'istio', 'intervalSeconds': 10, 'maxSurgePercent': 20, 'stepSizePercent': 10}, 'type': 'NewClusterWithIncrementalUpgrade'}}[0m
[36;20m2026-04-09 10:10:42 [INFO] (runner.py:404) | 
=================================================================[0m
[36;20m2026-04-09 10:10:42 [INFO] (runner.py:405) |   SCENARIO : cancal-rollback[0m
[36;20m2026-04-09 10:10:42 [INFO] (runner.py:406) |   RESULT   : PASS[0m
[36;20m2026-04-09 10:10:42 [INFO] (runner.py:407) |   DURATION : 208.79s[0m
[36;20m2026-04-09 10:10:42 [INFO] (runner.py:408) |   RESULTS  : /Users/abaowei/Desktop/Fun/my_ray/dev/incr_upgrade/incr_upgrade_locust/src/outputs/cancal-rollback/[0m
[36;20m2026-04-09 10:10:42 [INFO] (runner.py:414) | 
  All monotonicity invariants passed.[0m
[36;20m2026-04-09 10:10:42 [INFO] (runner.py:415) | =================================================================[0m
[36;20m2026-04-09 10:10:42 [INFO] (runner.py:420) | [runner] Stopping Locust (SIGINT)...[0m
[36;20m2026-04-09 10:10:42 [INFO] (runner.py:427) | [runner] Stopping kubectl port-forward...[0m
[36;20m2026-04-09 10:10:42 [INFO] (runner.py:434) | [runner] Deleting RayService...[0m
